[0.105s] Invoking command in '/home/aditya/ros2_ws/build/examples_rclcpp_minimal_action_client': CMAKE_PREFIX_PATH=${CMAKE_PREFIX_PATH}:/home/aditya/install/launch_testing_examples:/home/aditya/install/examples_rclpy_pointcloud_publisher:/home/aditya/install/examples_rclpy_minimal_subscriber:/home/aditya/install/examples_rclpy_minimal_service:/home/aditya/install/examples_rclpy_minimal_publisher:/home/aditya/install/examples_rclpy_minimal_client:/home/aditya/install/examples_rclpy_minimal_action_server:/home/aditya/install/examples_rclpy_minimal_action_client:/home/aditya/install/examples_rclpy_guard_conditions:/home/aditya/install/examples_rclpy_executors:/opt/ros/humble /usr/bin/cmake /home/aditya/ros2_ws/src/examples/rclcpp/actions/minimal_action_client -DCMAKE_INSTALL_PREFIX=/home/aditya/ros2_ws/install/examples_rclcpp_minimal_action_client
[0.255s] -- Found ament_cmake: 1.3.9 (/opt/ros/humble/share/ament_cmake/cmake)
[1.275s] -- Override CMake install command with custom implementation using symlinks instead of copying resources
[1.340s] -- Found example_interfaces: 0.9.3 (/opt/ros/humble/share/example_interfaces/cmake)
[1.528s] -- Found rosidl_generator_c: 3.1.5 (/opt/ros/humble/share/rosidl_generator_c/cmake)
[1.539s] -- Found rosidl_adapter: 3.1.5 (/opt/ros/humble/share/rosidl_adapter/cmake)
[1.562s] -- Found rosidl_generator_cpp: 3.1.5 (/opt/ros/humble/share/rosidl_generator_cpp/cmake)
[1.644s] -- Using all available rosidl_typesupport_c: rosidl_typesupport_fastrtps_c;rosidl_typesupport_introspection_c
[1.726s] -- Using all available rosidl_typesupport_cpp: rosidl_typesupport_fastrtps_cpp;rosidl_typesupport_introspection_cpp
[3.015s] -- Found rclcpp: 16.0.9 (/opt/ros/humble/share/rclcpp/cmake)
[3.360s] -- Found rmw_implementation_cmake: 6.1.2 (/opt/ros/humble/share/rmw_implementation_cmake/cmake)
[3.367s] -- Found rmw_fastrtps_cpp: 6.2.6 (/opt/ros/humble/share/rmw_fastrtps_cpp/cmake)
[4.009s] -- Using RMW implementation 'rmw_fastrtps_cpp' as default
[4.998s] -- Found rclcpp_action: 16.0.9 (/opt/ros/humble/share/rclcpp_action/cmake)
[5.194s] -- Found ament_lint_auto: 0.12.11 (/opt/ros/humble/share/ament_lint_auto/cmake)
[5.790s] -- Added test 'copyright' to check source files copyright and LICENSE
[5.799s] -- Added test 'cppcheck' to perform static code analysis on C / C++ code
[5.801s] -- Configured cppcheck include dirs: 
[5.801s] -- Configured cppcheck exclude dirs and/or files: 
[5.812s] -- Added test 'cpplint' to check C / C++ code against the Google style
[5.812s] -- Configured cpplint exclude dirs and/or files: 
[5.814s] -- Added test 'lint_cmake' to check CMake code style
[5.817s] -- Added test 'uncrustify' to check C / C++ code style
[5.817s] -- Configured uncrustify additional arguments: 
[5.818s] -- Added test 'xmllint' to check XML markup files
[5.838s] -- Configuring done
[6.008s] -- Generating done
[6.021s] -- Build files have been written to: /home/aditya/ros2_ws/build/examples_rclcpp_minimal_action_client
[6.095s] Invoked command in '/home/aditya/ros2_ws/build/examples_rclcpp_minimal_action_client' returned '0': CMAKE_PREFIX_PATH=${CMAKE_PREFIX_PATH}:/home/aditya/install/launch_testing_examples:/home/aditya/install/examples_rclpy_pointcloud_publisher:/home/aditya/install/examples_rclpy_minimal_subscriber:/home/aditya/install/examples_rclpy_minimal_service:/home/aditya/install/examples_rclpy_minimal_publisher:/home/aditya/install/examples_rclpy_minimal_client:/home/aditya/install/examples_rclpy_minimal_action_server:/home/aditya/install/examples_rclpy_minimal_action_client:/home/aditya/install/examples_rclpy_guard_conditions:/home/aditya/install/examples_rclpy_executors:/opt/ros/humble /usr/bin/cmake /home/aditya/ros2_ws/src/examples/rclcpp/actions/minimal_action_client -DCMAKE_INSTALL_PREFIX=/home/aditya/ros2_ws/install/examples_rclcpp_minimal_action_client
[6.097s] Invoking command in '/home/aditya/ros2_ws/build/examples_rclcpp_minimal_action_client': CMAKE_PREFIX_PATH=${CMAKE_PREFIX_PATH}:/home/aditya/install/launch_testing_examples:/home/aditya/install/examples_rclpy_pointcloud_publisher:/home/aditya/install/examples_rclpy_minimal_subscriber:/home/aditya/install/examples_rclpy_minimal_service:/home/aditya/install/examples_rclpy_minimal_publisher:/home/aditya/install/examples_rclpy_minimal_client:/home/aditya/install/examples_rclpy_minimal_action_server:/home/aditya/install/examples_rclpy_minimal_action_client:/home/aditya/install/examples_rclpy_guard_conditions:/home/aditya/install/examples_rclpy_executors:/opt/ros/humble /usr/bin/cmake --build /home/aditya/ros2_ws/build/examples_rclcpp_minimal_action_client -- -j2 -l2
[6.571s] [ 12%] [32mBuilding CXX object CMakeFiles/action_client_member_functions.dir/member_functions.cpp.o[0m
[6.582s] [ 25%] [32mBuilding CXX object CMakeFiles/action_client_not_composable.dir/not_composable.cpp.o[0m
[67.740s] [ 37%] [32m[1mLinking CXX executable action_client_not_composable[0m
[67.830s] [ 50%] [32m[1mLinking CXX executable action_client_member_functions[0m
[69.475s] [ 50%] Built target action_client_not_composable
[69.697s] [ 50%] Built target action_client_member_functions
[69.819s] [ 62%] [32mBuilding CXX object CMakeFiles/action_client_not_composable_with_cancel.dir/not_composable_with_cancel.cpp.o[0m
[95.399s] [ 75%] [32m[1mLinking CXX executable action_client_not_composable_with_cancel[0m
[97.817s] [ 75%] Built target action_client_not_composable_with_cancel
[97.975s] [ 87%] [32mBuilding CXX object CMakeFiles/action_client_not_composable_with_feedback.dir/not_composable_with_feedback.cpp.o[0m
[105.044s] gmake[2]: *** [CMakeFiles/action_client_not_composable_with_feedback.dir/build.make:76: CMakeFiles/action_client_not_composable_with_feedback.dir/not_composable_with_feedback.cpp.o] Interrupt
[105.047s] gmake[1]: *** [CMakeFiles/Makefile2:221: CMakeFiles/action_client_not_composable_with_feedback.dir/all] Interrupt
[105.087s] gmake: *** [Makefile:146: all] Interrupt
[105.319s] Invoked command in '/home/aditya/ros2_ws/build/examples_rclcpp_minimal_action_client' returned '-2': CMAKE_PREFIX_PATH=${CMAKE_PREFIX_PATH}:/home/aditya/install/launch_testing_examples:/home/aditya/install/examples_rclpy_pointcloud_publisher:/home/aditya/install/examples_rclpy_minimal_subscriber:/home/aditya/install/examples_rclpy_minimal_service:/home/aditya/install/examples_rclpy_minimal_publisher:/home/aditya/install/examples_rclpy_minimal_client:/home/aditya/install/examples_rclpy_minimal_action_server:/home/aditya/install/examples_rclpy_minimal_action_client:/home/aditya/install/examples_rclpy_guard_conditions:/home/aditya/install/examples_rclpy_executors:/opt/ros/humble /usr/bin/cmake --build /home/aditya/ros2_ws/build/examples_rclcpp_minimal_action_client -- -j2 -l2
