[0.042s] Invoking command in '/home/aditya/ros2_ws/build/tutorial_interfaces': CMAKE_PREFIX_PATH=${CMAKE_PREFIX_PATH}:/home/aditya/ros2_ws/install/py_srvcli:/home/aditya/ros2_ws/install/py_pubsub:/home/aditya/ros2_ws/install/my_package:/home/aditya/install/launch_testing_examples:/home/aditya/install/examples_rclpy_pointcloud_publisher:/home/aditya/install/examples_rclpy_minimal_subscriber:/home/aditya/install/examples_rclpy_minimal_service:/home/aditya/install/examples_rclpy_minimal_publisher:/home/aditya/install/examples_rclpy_minimal_client:/home/aditya/install/examples_rclpy_minimal_action_server:/home/aditya/install/examples_rclpy_minimal_action_client:/home/aditya/install/examples_rclpy_guard_conditions:/home/aditya/install/examples_rclpy_executors:/opt/ros/humble /usr/bin/cmake /home/aditya/ros2_ws/src/tutorial_interfaces -DCMAKE_INSTALL_PREFIX=/home/aditya/ros2_ws/install/tutorial_interfaces
[0.080s] -- Found ament_cmake: 1.3.9 (/opt/ros/humble/share/ament_cmake/cmake)
[0.516s] -- Found ament_lint_auto: 0.12.11 (/opt/ros/humble/share/ament_lint_auto/cmake)
[0.760s] -- Found geometry_msgs: 4.2.4 (/opt/ros/humble/share/geometry_msgs/cmake)
[0.848s] -- Found rosidl_generator_c: 3.1.5 (/opt/ros/humble/share/rosidl_generator_c/cmake)
[0.857s] -- Found rosidl_adapter: 3.1.5 (/opt/ros/humble/share/rosidl_adapter/cmake)
[0.877s] -- Found rosidl_generator_cpp: 3.1.5 (/opt/ros/humble/share/rosidl_generator_cpp/cmake)
[0.918s] -- Using all available rosidl_typesupport_c: rosidl_typesupport_fastrtps_c;rosidl_typesupport_introspection_c
[0.996s] -- Using all available rosidl_typesupport_cpp: rosidl_typesupport_fastrtps_cpp;rosidl_typesupport_introspection_cpp
[1.448s] -- Found rosidl_default_generators: 1.2.0 (/opt/ros/humble/share/rosidl_default_generators/cmake)
[2.346s] -- Found ament_cmake_ros: 0.10.0 (/opt/ros/humble/share/ament_cmake_ros/cmake)
[3.921s] -- Using all available rosidl_typesupport_c: rosidl_typesupport_fastrtps_c;rosidl_typesupport_introspection_c
[4.547s] -- Using all available rosidl_typesupport_cpp: rosidl_typesupport_fastrtps_cpp;rosidl_typesupport_introspection_cpp
[4.634s] -- Found PythonInterp: /usr/bin/python3 (found suitable version "3.10.12", minimum required is "3.6") 
[4.646s] -- Found python_cmake_module: 0.10.0 (/opt/ros/humble/share/python_cmake_module/cmake)
[4.752s] -- Found PythonLibs: /usr/lib/x86_64-linux-gnu/libpython3.10.so (found suitable version "3.10.12", minimum required is "3.5") 
[4.753s] -- Using PYTHON_EXECUTABLE: /usr/bin/python3
[4.753s] -- Using PYTHON_INCLUDE_DIRS: /usr/include/python3.10
[4.753s] -- Using PYTHON_LIBRARIES: /usr/lib/x86_64-linux-gnu/libpython3.10.so
[4.832s] -- Found PythonExtra: .so  
[5.104s] -- Added test 'lint_cmake' to check CMake code style
[5.108s] -- Added test 'xmllint' to check XML markup files
[5.135s] -- Configuring done
[5.251s] -- Generating done
[5.258s] -- Build files have been written to: /home/aditya/ros2_ws/build/tutorial_interfaces
[5.274s] Invoked command in '/home/aditya/ros2_ws/build/tutorial_interfaces' returned '0': CMAKE_PREFIX_PATH=${CMAKE_PREFIX_PATH}:/home/aditya/ros2_ws/install/py_srvcli:/home/aditya/ros2_ws/install/py_pubsub:/home/aditya/ros2_ws/install/my_package:/home/aditya/install/launch_testing_examples:/home/aditya/install/examples_rclpy_pointcloud_publisher:/home/aditya/install/examples_rclpy_minimal_subscriber:/home/aditya/install/examples_rclpy_minimal_service:/home/aditya/install/examples_rclpy_minimal_publisher:/home/aditya/install/examples_rclpy_minimal_client:/home/aditya/install/examples_rclpy_minimal_action_server:/home/aditya/install/examples_rclpy_minimal_action_client:/home/aditya/install/examples_rclpy_guard_conditions:/home/aditya/install/examples_rclpy_executors:/opt/ros/humble /usr/bin/cmake /home/aditya/ros2_ws/src/tutorial_interfaces -DCMAKE_INSTALL_PREFIX=/home/aditya/ros2_ws/install/tutorial_interfaces
[5.282s] Invoking command in '/home/aditya/ros2_ws/build/tutorial_interfaces': CMAKE_PREFIX_PATH=${CMAKE_PREFIX_PATH}:/home/aditya/ros2_ws/install/py_srvcli:/home/aditya/ros2_ws/install/py_pubsub:/home/aditya/ros2_ws/install/my_package:/home/aditya/install/launch_testing_examples:/home/aditya/install/examples_rclpy_pointcloud_publisher:/home/aditya/install/examples_rclpy_minimal_subscriber:/home/aditya/install/examples_rclpy_minimal_service:/home/aditya/install/examples_rclpy_minimal_publisher:/home/aditya/install/examples_rclpy_minimal_client:/home/aditya/install/examples_rclpy_minimal_action_server:/home/aditya/install/examples_rclpy_minimal_action_client:/home/aditya/install/examples_rclpy_guard_conditions:/home/aditya/install/examples_rclpy_executors:/opt/ros/humble /usr/bin/cmake --build /home/aditya/ros2_ws/build/tutorial_interfaces -- -j2 -l2
[5.384s] [  2%] [34m[1mGenerating C code for ROS interfaces[0m
[5.404s] [  4%] [34m[1mGenerating C++ code for ROS interfaces[0m
[7.066s] [  4%] Built target tutorial_interfaces__cpp
[7.136s] [  4%] Built target ament_cmake_python_copy_tutorial_interfaces
[7.159s] [  6%] [34m[1mGenerating C++ type support dispatch for ROS interfaces[0m
[7.220s] [  8%] [32mBuilding C object CMakeFiles/tutorial_interfaces__rosidl_generator_c.dir/rosidl_generator_c/tutorial_interfaces/msg/detail/num__functions.c.o[0m
[7.444s] [ 10%] [32mBuilding C object CMakeFiles/tutorial_interfaces__rosidl_generator_c.dir/rosidl_generator_c/tutorial_interfaces/msg/detail/sphere__functions.c.o[0m
[7.580s] [ 12%] [32mBuilding C object CMakeFiles/tutorial_interfaces__rosidl_generator_c.dir/rosidl_generator_c/tutorial_interfaces/srv/detail/add_three_ints__functions.c.o[0m
[7.737s] [ 14%] [32m[1mLinking C shared library libtutorial_interfaces__rosidl_generator_c.so[0m
[7.840s] [ 14%] Built target tutorial_interfaces__rosidl_generator_c
[7.862s] [ 17%] [34m[1mGenerating C++ type support for eProsima Fast-RTPS[0m
[8.322s] [ 19%] [32mBuilding CXX object CMakeFiles/tutorial_interfaces__rosidl_typesupport_cpp.dir/rosidl_typesupport_cpp/tutorial_interfaces/msg/num__type_support.cpp.o[0m
[9.349s] [ 21%] [32mBuilding CXX object CMakeFiles/tutorial_interfaces__rosidl_typesupport_cpp.dir/rosidl_typesupport_cpp/tutorial_interfaces/msg/sphere__type_support.cpp.o[0m
[9.436s] [ 23%] [32mBuilding CXX object CMakeFiles/tutorial_interfaces__rosidl_typesupport_fastrtps_cpp.dir/rosidl_typesupport_fastrtps_cpp/tutorial_interfaces/msg/detail/dds_fastrtps/num__type_support.cpp.o[0m
[10.114s] [ 25%] [32mBuilding CXX object CMakeFiles/tutorial_interfaces__rosidl_typesupport_cpp.dir/rosidl_typesupport_cpp/tutorial_interfaces/srv/add_three_ints__type_support.cpp.o[0m
[10.549s] [ 27%] [32mBuilding CXX object CMakeFiles/tutorial_interfaces__rosidl_typesupport_fastrtps_cpp.dir/rosidl_typesupport_fastrtps_cpp/tutorial_interfaces/msg/detail/dds_fastrtps/sphere__type_support.cpp.o[0m
[10.899s] [ 29%] [32m[1mLinking CXX shared library libtutorial_interfaces__rosidl_typesupport_cpp.so[0m
[11.034s] [ 29%] Built target tutorial_interfaces__rosidl_typesupport_cpp
[11.058s] [ 31%] [34m[1mGenerating C introspection for ROS interfaces[0m
[11.652s] [ 34%] [32mBuilding CXX object CMakeFiles/tutorial_interfaces__rosidl_typesupport_fastrtps_cpp.dir/rosidl_typesupport_fastrtps_cpp/tutorial_interfaces/srv/detail/dds_fastrtps/add_three_ints__type_support.cpp.o[0m
[12.542s] [ 36%] [32mBuilding C object CMakeFiles/tutorial_interfaces__rosidl_typesupport_introspection_c.dir/rosidl_typesupport_introspection_c/tutorial_interfaces/msg/detail/num__type_support.c.o[0m
[12.786s] [ 38%] [32mBuilding C object CMakeFiles/tutorial_interfaces__rosidl_typesupport_introspection_c.dir/rosidl_typesupport_introspection_c/tutorial_interfaces/msg/detail/sphere__type_support.c.o[0m
[12.839s] [ 40%] [32m[1mLinking CXX shared library libtutorial_interfaces__rosidl_typesupport_fastrtps_cpp.so[0m
[12.886s] [ 42%] [32mBuilding C object CMakeFiles/tutorial_interfaces__rosidl_typesupport_introspection_c.dir/rosidl_typesupport_introspection_c/tutorial_interfaces/srv/detail/add_three_ints__type_support.c.o[0m
[13.026s] [ 44%] [32m[1mLinking C shared library libtutorial_interfaces__rosidl_typesupport_introspection_c.so[0m
[13.083s] [ 44%] Built target tutorial_interfaces__rosidl_typesupport_fastrtps_cpp
[13.106s] [ 46%] [34m[1mGenerating C type support dispatch for ROS interfaces[0m
[13.115s] [ 46%] Built target tutorial_interfaces__rosidl_typesupport_introspection_c
[13.151s] [ 48%] [34m[1mGenerating C++ introspection for ROS interfaces[0m
[14.410s] [ 51%] [32mBuilding CXX object CMakeFiles/tutorial_interfaces__rosidl_typesupport_c.dir/rosidl_typesupport_c/tutorial_interfaces/msg/num__type_support.cpp.o[0m
[14.485s] [ 53%] [32mBuilding CXX object CMakeFiles/tutorial_interfaces__rosidl_typesupport_c.dir/rosidl_typesupport_c/tutorial_interfaces/msg/sphere__type_support.cpp.o[0m
[14.582s] [ 55%] [32mBuilding CXX object CMakeFiles/tutorial_interfaces__rosidl_typesupport_c.dir/rosidl_typesupport_c/tutorial_interfaces/srv/add_three_ints__type_support.cpp.o[0m
[14.663s] [ 57%] [32mBuilding CXX object CMakeFiles/tutorial_interfaces__rosidl_typesupport_introspection_cpp.dir/rosidl_typesupport_introspection_cpp/tutorial_interfaces/msg/detail/num__type_support.cpp.o[0m
[14.681s] [ 59%] [32m[1mLinking CXX shared library libtutorial_interfaces__rosidl_typesupport_c.so[0m
[14.801s] [ 59%] Built target tutorial_interfaces__rosidl_typesupport_c
[15.717s] running egg_info
[15.720s] creating tutorial_interfaces.egg-info
[15.721s] writing tutorial_interfaces.egg-info/PKG-INFO
[15.722s] writing dependency_links to tutorial_interfaces.egg-info/dependency_links.txt
[15.723s] writing top-level names to tutorial_interfaces.egg-info/top_level.txt
[15.725s] writing manifest file 'tutorial_interfaces.egg-info/SOURCES.txt'
[15.746s] reading manifest file 'tutorial_interfaces.egg-info/SOURCES.txt'
[15.748s] writing manifest file 'tutorial_interfaces.egg-info/SOURCES.txt'
[15.828s] [ 61%] [32mBuilding CXX object CMakeFiles/tutorial_interfaces__rosidl_typesupport_introspection_cpp.dir/rosidl_typesupport_introspection_cpp/tutorial_interfaces/msg/detail/sphere__type_support.cpp.o[0m
[15.831s] [ 61%] Built target ament_cmake_python_build_tutorial_interfaces_egg
[15.866s] [ 63%] [32mBuilding CXX object CMakeFiles/tutorial_interfaces__rosidl_typesupport_introspection_cpp.dir/rosidl_typesupport_introspection_cpp/tutorial_interfaces/srv/detail/add_three_ints__type_support.cpp.o[0m
[17.568s] [ 65%] [34m[1mGenerating C type support for eProsima Fast-RTPS[0m
[17.583s] [ 68%] [32m[1mLinking CXX shared library libtutorial_interfaces__rosidl_typesupport_introspection_cpp.so[0m
[17.833s] [ 68%] Built target tutorial_interfaces__rosidl_typesupport_introspection_cpp
[19.002s] [ 70%] [32mBuilding CXX object CMakeFiles/tutorial_interfaces__rosidl_typesupport_fastrtps_c.dir/rosidl_typesupport_fastrtps_c/tutorial_interfaces/msg/detail/sphere__type_support_c.cpp.o[0m
[19.003s] [ 72%] [32mBuilding CXX object CMakeFiles/tutorial_interfaces__rosidl_typesupport_fastrtps_c.dir/rosidl_typesupport_fastrtps_c/tutorial_interfaces/msg/detail/num__type_support_c.cpp.o[0m
[19.935s] [ 74%] [32mBuilding CXX object CMakeFiles/tutorial_interfaces__rosidl_typesupport_fastrtps_c.dir/rosidl_typesupport_fastrtps_c/tutorial_interfaces/srv/detail/add_three_ints__type_support_c.cpp.o[0m
[20.809s] [ 76%] [32m[1mLinking CXX shared library libtutorial_interfaces__rosidl_typesupport_fastrtps_c.so[0m
[21.033s] [ 76%] Built target tutorial_interfaces__rosidl_typesupport_fastrtps_c
[21.087s] [ 76%] Built target tutorial_interfaces
[21.141s] [ 78%] [34m[1mGenerating Python code for ROS interfaces[0m
[23.237s] [ 78%] Built target tutorial_interfaces__py
[23.282s] [ 80%] [32mBuilding C object CMakeFiles/tutorial_interfaces__rosidl_generator_py.dir/rosidl_generator_py/tutorial_interfaces/msg/_sphere_s.c.o[0m
[23.283s] [ 82%] [32mBuilding C object CMakeFiles/tutorial_interfaces__rosidl_generator_py.dir/rosidl_generator_py/tutorial_interfaces/msg/_num_s.c.o[0m
[23.651s] [ 85%] [32mBuilding C object CMakeFiles/tutorial_interfaces__rosidl_generator_py.dir/rosidl_generator_py/tutorial_interfaces/srv/_add_three_ints_s.c.o[0m
[23.941s] [ 87%] [32m[1mLinking C shared library rosidl_generator_py/tutorial_interfaces/libtutorial_interfaces__rosidl_generator_py.so[0m
[24.094s] [ 87%] Built target tutorial_interfaces__rosidl_generator_py
[24.142s] [ 91%] [32mBuilding C object CMakeFiles/tutorial_interfaces__rosidl_typesupport_fastrtps_c__pyext.dir/rosidl_generator_py/tutorial_interfaces/_tutorial_interfaces_s.ep.rosidl_typesupport_fastrtps_c.c.o[0m
[24.143s] [ 91%] [32mBuilding C object CMakeFiles/tutorial_interfaces__rosidl_typesupport_introspection_c__pyext.dir/rosidl_generator_py/tutorial_interfaces/_tutorial_interfaces_s.ep.rosidl_typesupport_introspection_c.c.o[0m
[24.445s] [ 93%] [32m[1mLinking C shared library rosidl_generator_py/tutorial_interfaces/tutorial_interfaces_s__rosidl_typesupport_introspection_c.cpython-310-x86_64-linux-gnu.so[0m
[24.480s] [ 95%] [32m[1mLinking C shared library rosidl_generator_py/tutorial_interfaces/tutorial_interfaces_s__rosidl_typesupport_fastrtps_c.cpython-310-x86_64-linux-gnu.so[0m
[24.565s] [ 95%] Built target tutorial_interfaces__rosidl_typesupport_introspection_c__pyext
[24.599s] [ 95%] Built target tutorial_interfaces__rosidl_typesupport_fastrtps_c__pyext
[24.623s] [ 97%] [32mBuilding C object CMakeFiles/tutorial_interfaces__rosidl_typesupport_c__pyext.dir/rosidl_generator_py/tutorial_interfaces/_tutorial_interfaces_s.ep.rosidl_typesupport_c.c.o[0m
[24.907s] [100%] [32m[1mLinking C shared library rosidl_generator_py/tutorial_interfaces/tutorial_interfaces_s__rosidl_typesupport_c.cpython-310-x86_64-linux-gnu.so[0m
[25.018s] [100%] Built target tutorial_interfaces__rosidl_typesupport_c__pyext
[25.047s] Invoked command in '/home/aditya/ros2_ws/build/tutorial_interfaces' returned '0': CMAKE_PREFIX_PATH=${CMAKE_PREFIX_PATH}:/home/aditya/ros2_ws/install/py_srvcli:/home/aditya/ros2_ws/install/py_pubsub:/home/aditya/ros2_ws/install/my_package:/home/aditya/install/launch_testing_examples:/home/aditya/install/examples_rclpy_pointcloud_publisher:/home/aditya/install/examples_rclpy_minimal_subscriber:/home/aditya/install/examples_rclpy_minimal_service:/home/aditya/install/examples_rclpy_minimal_publisher:/home/aditya/install/examples_rclpy_minimal_client:/home/aditya/install/examples_rclpy_minimal_action_server:/home/aditya/install/examples_rclpy_minimal_action_client:/home/aditya/install/examples_rclpy_guard_conditions:/home/aditya/install/examples_rclpy_executors:/opt/ros/humble /usr/bin/cmake --build /home/aditya/ros2_ws/build/tutorial_interfaces -- -j2 -l2
[25.326s] Invoking command in '/home/aditya/ros2_ws/build/tutorial_interfaces': CMAKE_PREFIX_PATH=${CMAKE_PREFIX_PATH}:/home/aditya/ros2_ws/install/py_srvcli:/home/aditya/ros2_ws/install/py_pubsub:/home/aditya/ros2_ws/install/my_package:/home/aditya/install/launch_testing_examples:/home/aditya/install/examples_rclpy_pointcloud_publisher:/home/aditya/install/examples_rclpy_minimal_subscriber:/home/aditya/install/examples_rclpy_minimal_service:/home/aditya/install/examples_rclpy_minimal_publisher:/home/aditya/install/examples_rclpy_minimal_client:/home/aditya/install/examples_rclpy_minimal_action_server:/home/aditya/install/examples_rclpy_minimal_action_client:/home/aditya/install/examples_rclpy_guard_conditions:/home/aditya/install/examples_rclpy_executors:/opt/ros/humble /usr/bin/cmake --install /home/aditya/ros2_ws/build/tutorial_interfaces
[25.345s] -- Install configuration: ""
[25.345s] -- Installing: /home/aditya/ros2_ws/install/tutorial_interfaces/share/ament_index/resource_index/rosidl_interfaces/tutorial_interfaces
[25.346s] -- Installing: /home/aditya/ros2_ws/install/tutorial_interfaces/include/tutorial_interfaces/tutorial_interfaces
[25.346s] -- Installing: /home/aditya/ros2_ws/install/tutorial_interfaces/include/tutorial_interfaces/tutorial_interfaces/srv
[25.347s] -- Installing: /home/aditya/ros2_ws/install/tutorial_interfaces/include/tutorial_interfaces/tutorial_interfaces/srv/add_three_ints.h
[25.347s] -- Installing: /home/aditya/ros2_ws/install/tutorial_interfaces/include/tutorial_interfaces/tutorial_interfaces/srv/detail
[25.347s] -- Installing: /home/aditya/ros2_ws/install/tutorial_interfaces/include/tutorial_interfaces/tutorial_interfaces/srv/detail/add_three_ints__functions.h
[25.348s] -- Installing: /home/aditya/ros2_ws/install/tutorial_interfaces/include/tutorial_interfaces/tutorial_interfaces/srv/detail/add_three_ints__functions.c
[25.348s] -- Installing: /home/aditya/ros2_ws/install/tutorial_interfaces/include/tutorial_interfaces/tutorial_interfaces/srv/detail/add_three_ints__type_support.h
[25.348s] -- Installing: /home/aditya/ros2_ws/install/tutorial_interfaces/include/tutorial_interfaces/tutorial_interfaces/srv/detail/add_three_ints__struct.h
[25.348s] -- Installing: /home/aditya/ros2_ws/install/tutorial_interfaces/include/tutorial_interfaces/tutorial_interfaces/msg
[25.349s] -- Installing: /home/aditya/ros2_ws/install/tutorial_interfaces/include/tutorial_interfaces/tutorial_interfaces/msg/num.h
[25.349s] -- Installing: /home/aditya/ros2_ws/install/tutorial_interfaces/include/tutorial_interfaces/tutorial_interfaces/msg/sphere.h
[25.350s] -- Installing: /home/aditya/ros2_ws/install/tutorial_interfaces/include/tutorial_interfaces/tutorial_interfaces/msg/detail
[25.350s] -- Installing: /home/aditya/ros2_ws/install/tutorial_interfaces/include/tutorial_interfaces/tutorial_interfaces/msg/detail/num__type_support.h
[25.350s] -- Installing: /home/aditya/ros2_ws/install/tutorial_interfaces/include/tutorial_interfaces/tutorial_interfaces/msg/detail/sphere__struct.h
[25.351s] -- Installing: /home/aditya/ros2_ws/install/tutorial_interfaces/include/tutorial_interfaces/tutorial_interfaces/msg/detail/sphere__type_support.h
[25.351s] -- Installing: /home/aditya/ros2_ws/install/tutorial_interfaces/include/tutorial_interfaces/tutorial_interfaces/msg/detail/sphere__functions.h
[25.351s] -- Installing: /home/aditya/ros2_ws/install/tutorial_interfaces/include/tutorial_interfaces/tutorial_interfaces/msg/detail/num__functions.h
[25.351s] -- Installing: /home/aditya/ros2_ws/install/tutorial_interfaces/include/tutorial_interfaces/tutorial_interfaces/msg/detail/num__functions.c
[25.352s] -- Installing: /home/aditya/ros2_ws/install/tutorial_interfaces/include/tutorial_interfaces/tutorial_interfaces/msg/detail/sphere__functions.c
[25.352s] -- Installing: /home/aditya/ros2_ws/install/tutorial_interfaces/include/tutorial_interfaces/tutorial_interfaces/msg/detail/num__struct.h
[25.352s] -- Installing: /home/aditya/ros2_ws/install/tutorial_interfaces/include/tutorial_interfaces/tutorial_interfaces/msg/rosidl_generator_c__visibility_control.h
[25.353s] -- Installing: /home/aditya/ros2_ws/install/tutorial_interfaces/share/tutorial_interfaces/environment/library_path.sh
[25.353s] -- Installing: /home/aditya/ros2_ws/install/tutorial_interfaces/share/tutorial_interfaces/environment/library_path.dsv
[25.354s] -- Installing: /home/aditya/ros2_ws/install/tutorial_interfaces/lib/libtutorial_interfaces__rosidl_generator_c.so
[25.355s] -- Set runtime path of "/home/aditya/ros2_ws/install/tutorial_interfaces/lib/libtutorial_interfaces__rosidl_generator_c.so" to ""
[25.355s] -- Up-to-date: /home/aditya/ros2_ws/install/tutorial_interfaces/include/tutorial_interfaces/tutorial_interfaces
[25.356s] -- Up-to-date: /home/aditya/ros2_ws/install/tutorial_interfaces/include/tutorial_interfaces/tutorial_interfaces/srv
[25.356s] -- Up-to-date: /home/aditya/ros2_ws/install/tutorial_interfaces/include/tutorial_interfaces/tutorial_interfaces/srv/detail
[25.356s] -- Installing: /home/aditya/ros2_ws/install/tutorial_interfaces/include/tutorial_interfaces/tutorial_interfaces/srv/detail/add_three_ints__rosidl_typesupport_fastrtps_c.h
[25.357s] -- Up-to-date: /home/aditya/ros2_ws/install/tutorial_interfaces/include/tutorial_interfaces/tutorial_interfaces/msg
[25.357s] -- Installing: /home/aditya/ros2_ws/install/tutorial_interfaces/include/tutorial_interfaces/tutorial_interfaces/msg/rosidl_typesupport_fastrtps_c__visibility_control.h
[25.357s] -- Up-to-date: /home/aditya/ros2_ws/install/tutorial_interfaces/include/tutorial_interfaces/tutorial_interfaces/msg/detail
[25.357s] -- Installing: /home/aditya/ros2_ws/install/tutorial_interfaces/include/tutorial_interfaces/tutorial_interfaces/msg/detail/num__rosidl_typesupport_fastrtps_c.h
[25.358s] -- Installing: /home/aditya/ros2_ws/install/tutorial_interfaces/include/tutorial_interfaces/tutorial_interfaces/msg/detail/sphere__rosidl_typesupport_fastrtps_c.h
[25.358s] -- Installing: /home/aditya/ros2_ws/install/tutorial_interfaces/lib/libtutorial_interfaces__rosidl_typesupport_fastrtps_c.so
[25.359s] -- Set runtime path of "/home/aditya/ros2_ws/install/tutorial_interfaces/lib/libtutorial_interfaces__rosidl_typesupport_fastrtps_c.so" to ""
[25.359s] -- Up-to-date: /home/aditya/ros2_ws/install/tutorial_interfaces/include/tutorial_interfaces/tutorial_interfaces
[25.360s] -- Up-to-date: /home/aditya/ros2_ws/install/tutorial_interfaces/include/tutorial_interfaces/tutorial_interfaces/srv
[25.360s] -- Installing: /home/aditya/ros2_ws/install/tutorial_interfaces/include/tutorial_interfaces/tutorial_interfaces/srv/add_three_ints.hpp
[25.360s] -- Up-to-date: /home/aditya/ros2_ws/install/tutorial_interfaces/include/tutorial_interfaces/tutorial_interfaces/srv/detail
[25.360s] -- Installing: /home/aditya/ros2_ws/install/tutorial_interfaces/include/tutorial_interfaces/tutorial_interfaces/srv/detail/add_three_ints__traits.hpp
[25.360s] -- Installing: /home/aditya/ros2_ws/install/tutorial_interfaces/include/tutorial_interfaces/tutorial_interfaces/srv/detail/add_three_ints__struct.hpp
[25.361s] -- Installing: /home/aditya/ros2_ws/install/tutorial_interfaces/include/tutorial_interfaces/tutorial_interfaces/srv/detail/add_three_ints__builder.hpp
[25.361s] -- Up-to-date: /home/aditya/ros2_ws/install/tutorial_interfaces/include/tutorial_interfaces/tutorial_interfaces/msg
[25.369s] -- Installing: /home/aditya/ros2_ws/install/tutorial_interfaces/include/tutorial_interfaces/tutorial_interfaces/msg/num.hpp
[25.369s] -- Installing: /home/aditya/ros2_ws/install/tutorial_interfaces/include/tutorial_interfaces/tutorial_interfaces/msg/sphere.hpp
[25.370s] -- Up-to-date: /home/aditya/ros2_ws/install/tutorial_interfaces/include/tutorial_interfaces/tutorial_interfaces/msg/detail
[25.370s] -- Installing: /home/aditya/ros2_ws/install/tutorial_interfaces/include/tutorial_interfaces/tutorial_interfaces/msg/detail/num__struct.hpp
[25.370s] -- Installing: /home/aditya/ros2_ws/install/tutorial_interfaces/include/tutorial_interfaces/tutorial_interfaces/msg/detail/num__builder.hpp
[25.371s] -- Installing: /home/aditya/ros2_ws/install/tutorial_interfaces/include/tutorial_interfaces/tutorial_interfaces/msg/detail/sphere__struct.hpp
[25.371s] -- Installing: /home/aditya/ros2_ws/install/tutorial_interfaces/include/tutorial_interfaces/tutorial_interfaces/msg/detail/sphere__builder.hpp
[25.371s] -- Installing: /home/aditya/ros2_ws/install/tutorial_interfaces/include/tutorial_interfaces/tutorial_interfaces/msg/detail/sphere__traits.hpp
[25.372s] -- Installing: /home/aditya/ros2_ws/install/tutorial_interfaces/include/tutorial_interfaces/tutorial_interfaces/msg/detail/num__traits.hpp
[25.372s] -- Up-to-date: /home/aditya/ros2_ws/install/tutorial_interfaces/include/tutorial_interfaces/tutorial_interfaces
[25.372s] -- Up-to-date: /home/aditya/ros2_ws/install/tutorial_interfaces/include/tutorial_interfaces/tutorial_interfaces/srv
[25.372s] -- Up-to-date: /home/aditya/ros2_ws/install/tutorial_interfaces/include/tutorial_interfaces/tutorial_interfaces/srv/detail
[25.373s] -- Installing: /home/aditya/ros2_ws/install/tutorial_interfaces/include/tutorial_interfaces/tutorial_interfaces/srv/detail/dds_fastrtps
[25.373s] -- Installing: /home/aditya/ros2_ws/install/tutorial_interfaces/include/tutorial_interfaces/tutorial_interfaces/srv/detail/add_three_ints__rosidl_typesupport_fastrtps_cpp.hpp
[25.373s] -- Up-to-date: /home/aditya/ros2_ws/install/tutorial_interfaces/include/tutorial_interfaces/tutorial_interfaces/msg
[25.373s] -- Installing: /home/aditya/ros2_ws/install/tutorial_interfaces/include/tutorial_interfaces/tutorial_interfaces/msg/rosidl_typesupport_fastrtps_cpp__visibility_control.h
[25.374s] -- Up-to-date: /home/aditya/ros2_ws/install/tutorial_interfaces/include/tutorial_interfaces/tutorial_interfaces/msg/detail
[25.374s] -- Installing: /home/aditya/ros2_ws/install/tutorial_interfaces/include/tutorial_interfaces/tutorial_interfaces/msg/detail/dds_fastrtps
[25.374s] -- Installing: /home/aditya/ros2_ws/install/tutorial_interfaces/include/tutorial_interfaces/tutorial_interfaces/msg/detail/sphere__rosidl_typesupport_fastrtps_cpp.hpp
[25.375s] -- Installing: /home/aditya/ros2_ws/install/tutorial_interfaces/include/tutorial_interfaces/tutorial_interfaces/msg/detail/num__rosidl_typesupport_fastrtps_cpp.hpp
[25.375s] -- Installing: /home/aditya/ros2_ws/install/tutorial_interfaces/lib/libtutorial_interfaces__rosidl_typesupport_fastrtps_cpp.so
[25.375s] -- Set runtime path of "/home/aditya/ros2_ws/install/tutorial_interfaces/lib/libtutorial_interfaces__rosidl_typesupport_fastrtps_cpp.so" to ""
[25.375s] -- Up-to-date: /home/aditya/ros2_ws/install/tutorial_interfaces/include/tutorial_interfaces/tutorial_interfaces
[25.376s] -- Up-to-date: /home/aditya/ros2_ws/install/tutorial_interfaces/include/tutorial_interfaces/tutorial_interfaces/srv
[25.376s] -- Up-to-date: /home/aditya/ros2_ws/install/tutorial_interfaces/include/tutorial_interfaces/tutorial_interfaces/srv/detail
[25.376s] -- Installing: /home/aditya/ros2_ws/install/tutorial_interfaces/include/tutorial_interfaces/tutorial_interfaces/srv/detail/add_three_ints__type_support.c
[25.376s] -- Installing: /home/aditya/ros2_ws/install/tutorial_interfaces/include/tutorial_interfaces/tutorial_interfaces/srv/detail/add_three_ints__rosidl_typesupport_introspection_c.h
[25.377s] -- Up-to-date: /home/aditya/ros2_ws/install/tutorial_interfaces/include/tutorial_interfaces/tutorial_interfaces/msg
[25.377s] -- Installing: /home/aditya/ros2_ws/install/tutorial_interfaces/include/tutorial_interfaces/tutorial_interfaces/msg/rosidl_typesupport_introspection_c__visibility_control.h
[25.377s] -- Up-to-date: /home/aditya/ros2_ws/install/tutorial_interfaces/include/tutorial_interfaces/tutorial_interfaces/msg/detail
[25.378s] -- Installing: /home/aditya/ros2_ws/install/tutorial_interfaces/include/tutorial_interfaces/tutorial_interfaces/msg/detail/num__rosidl_typesupport_introspection_c.h
[25.378s] -- Installing: /home/aditya/ros2_ws/install/tutorial_interfaces/include/tutorial_interfaces/tutorial_interfaces/msg/detail/num__type_support.c
[25.378s] -- Installing: /home/aditya/ros2_ws/install/tutorial_interfaces/include/tutorial_interfaces/tutorial_interfaces/msg/detail/sphere__rosidl_typesupport_introspection_c.h
[25.378s] -- Installing: /home/aditya/ros2_ws/install/tutorial_interfaces/include/tutorial_interfaces/tutorial_interfaces/msg/detail/sphere__type_support.c
[25.378s] -- Installing: /home/aditya/ros2_ws/install/tutorial_interfaces/lib/libtutorial_interfaces__rosidl_typesupport_introspection_c.so
[25.379s] -- Set runtime path of "/home/aditya/ros2_ws/install/tutorial_interfaces/lib/libtutorial_interfaces__rosidl_typesupport_introspection_c.so" to ""
[25.379s] -- Installing: /home/aditya/ros2_ws/install/tutorial_interfaces/lib/libtutorial_interfaces__rosidl_typesupport_c.so
[25.379s] -- Set runtime path of "/home/aditya/ros2_ws/install/tutorial_interfaces/lib/libtutorial_interfaces__rosidl_typesupport_c.so" to ""
[25.380s] -- Up-to-date: /home/aditya/ros2_ws/install/tutorial_interfaces/include/tutorial_interfaces/tutorial_interfaces
[25.381s] -- Up-to-date: /home/aditya/ros2_ws/install/tutorial_interfaces/include/tutorial_interfaces/tutorial_interfaces/srv
[25.381s] -- Up-to-date: /home/aditya/ros2_ws/install/tutorial_interfaces/include/tutorial_interfaces/tutorial_interfaces/srv/detail
[25.381s] -- Installing: /home/aditya/ros2_ws/install/tutorial_interfaces/include/tutorial_interfaces/tutorial_interfaces/srv/detail/add_three_ints__type_support.cpp
[25.381s] -- Installing: /home/aditya/ros2_ws/install/tutorial_interfaces/include/tutorial_interfaces/tutorial_interfaces/srv/detail/add_three_ints__rosidl_typesupport_introspection_cpp.hpp
[25.382s] -- Up-to-date: /home/aditya/ros2_ws/install/tutorial_interfaces/include/tutorial_interfaces/tutorial_interfaces/msg
[25.382s] -- Up-to-date: /home/aditya/ros2_ws/install/tutorial_interfaces/include/tutorial_interfaces/tutorial_interfaces/msg/detail
[25.382s] -- Installing: /home/aditya/ros2_ws/install/tutorial_interfaces/include/tutorial_interfaces/tutorial_interfaces/msg/detail/num__rosidl_typesupport_introspection_cpp.hpp
[25.382s] -- Installing: /home/aditya/ros2_ws/install/tutorial_interfaces/include/tutorial_interfaces/tutorial_interfaces/msg/detail/num__type_support.cpp
[25.383s] -- Installing: /home/aditya/ros2_ws/install/tutorial_interfaces/include/tutorial_interfaces/tutorial_interfaces/msg/detail/sphere__rosidl_typesupport_introspection_cpp.hpp
[25.383s] -- Installing: /home/aditya/ros2_ws/install/tutorial_interfaces/include/tutorial_interfaces/tutorial_interfaces/msg/detail/sphere__type_support.cpp
[25.383s] -- Installing: /home/aditya/ros2_ws/install/tutorial_interfaces/lib/libtutorial_interfaces__rosidl_typesupport_introspection_cpp.so
[25.384s] -- Set runtime path of "/home/aditya/ros2_ws/install/tutorial_interfaces/lib/libtutorial_interfaces__rosidl_typesupport_introspection_cpp.so" to ""
[25.384s] -- Installing: /home/aditya/ros2_ws/install/tutorial_interfaces/lib/libtutorial_interfaces__rosidl_typesupport_cpp.so
[25.384s] -- Set runtime path of "/home/aditya/ros2_ws/install/tutorial_interfaces/lib/libtutorial_interfaces__rosidl_typesupport_cpp.so" to ""
[25.384s] -- Installing: /home/aditya/ros2_ws/install/tutorial_interfaces/share/tutorial_interfaces/environment/pythonpath.sh
[25.385s] -- Installing: /home/aditya/ros2_ws/install/tutorial_interfaces/share/tutorial_interfaces/environment/pythonpath.dsv
[25.385s] -- Installing: /home/aditya/ros2_ws/install/tutorial_interfaces/local/lib/python3.10/dist-packages/tutorial_interfaces-0.0.0-py3.10.egg-info
[25.386s] -- Installing: /home/aditya/ros2_ws/install/tutorial_interfaces/local/lib/python3.10/dist-packages/tutorial_interfaces-0.0.0-py3.10.egg-info/PKG-INFO
[25.386s] -- Installing: /home/aditya/ros2_ws/install/tutorial_interfaces/local/lib/python3.10/dist-packages/tutorial_interfaces-0.0.0-py3.10.egg-info/top_level.txt
[25.386s] -- Installing: /home/aditya/ros2_ws/install/tutorial_interfaces/local/lib/python3.10/dist-packages/tutorial_interfaces-0.0.0-py3.10.egg-info/dependency_links.txt
[25.386s] -- Installing: /home/aditya/ros2_ws/install/tutorial_interfaces/local/lib/python3.10/dist-packages/tutorial_interfaces-0.0.0-py3.10.egg-info/SOURCES.txt
[25.387s] -- Installing: /home/aditya/ros2_ws/install/tutorial_interfaces/local/lib/python3.10/dist-packages/tutorial_interfaces
[25.387s] -- Installing: /home/aditya/ros2_ws/install/tutorial_interfaces/local/lib/python3.10/dist-packages/tutorial_interfaces/tutorial_interfaces_s__rosidl_typesupport_c.cpython-310-x86_64-linux-gnu.so
[25.387s] -- Installing: /home/aditya/ros2_ws/install/tutorial_interfaces/local/lib/python3.10/dist-packages/tutorial_interfaces/tutorial_interfaces_s__rosidl_typesupport_introspection_c.cpython-310-x86_64-linux-gnu.so
[25.388s] -- Installing: /home/aditya/ros2_ws/install/tutorial_interfaces/local/lib/python3.10/dist-packages/tutorial_interfaces/_tutorial_interfaces_s.ep.rosidl_typesupport_c.c
[25.388s] -- Installing: /home/aditya/ros2_ws/install/tutorial_interfaces/local/lib/python3.10/dist-packages/tutorial_interfaces/tutorial_interfaces_s__rosidl_typesupport_fastrtps_c.cpython-310-x86_64-linux-gnu.so
[25.388s] -- Installing: /home/aditya/ros2_ws/install/tutorial_interfaces/local/lib/python3.10/dist-packages/tutorial_interfaces/_tutorial_interfaces_s.ep.rosidl_typesupport_introspection_c.c
[25.388s] -- Installing: /home/aditya/ros2_ws/install/tutorial_interfaces/local/lib/python3.10/dist-packages/tutorial_interfaces/_tutorial_interfaces_s.ep.rosidl_typesupport_fastrtps_c.c
[25.389s] -- Installing: /home/aditya/ros2_ws/install/tutorial_interfaces/local/lib/python3.10/dist-packages/tutorial_interfaces/srv
[25.389s] -- Installing: /home/aditya/ros2_ws/install/tutorial_interfaces/local/lib/python3.10/dist-packages/tutorial_interfaces/srv/_add_three_ints.py
[25.390s] -- Installing: /home/aditya/ros2_ws/install/tutorial_interfaces/local/lib/python3.10/dist-packages/tutorial_interfaces/srv/_add_three_ints_s.c
[25.390s] -- Installing: /home/aditya/ros2_ws/install/tutorial_interfaces/local/lib/python3.10/dist-packages/tutorial_interfaces/srv/__init__.py
[25.390s] -- Installing: /home/aditya/ros2_ws/install/tutorial_interfaces/local/lib/python3.10/dist-packages/tutorial_interfaces/libtutorial_interfaces__rosidl_generator_py.so
[25.391s] -- Installing: /home/aditya/ros2_ws/install/tutorial_interfaces/local/lib/python3.10/dist-packages/tutorial_interfaces/__init__.py
[25.391s] -- Installing: /home/aditya/ros2_ws/install/tutorial_interfaces/local/lib/python3.10/dist-packages/tutorial_interfaces/msg
[25.391s] -- Installing: /home/aditya/ros2_ws/install/tutorial_interfaces/local/lib/python3.10/dist-packages/tutorial_interfaces/msg/_sphere_s.c
[25.392s] -- Installing: /home/aditya/ros2_ws/install/tutorial_interfaces/local/lib/python3.10/dist-packages/tutorial_interfaces/msg/_num.py
[25.392s] -- Installing: /home/aditya/ros2_ws/install/tutorial_interfaces/local/lib/python3.10/dist-packages/tutorial_interfaces/msg/_num_s.c
[25.392s] -- Installing: /home/aditya/ros2_ws/install/tutorial_interfaces/local/lib/python3.10/dist-packages/tutorial_interfaces/msg/_sphere.py
[25.393s] -- Installing: /home/aditya/ros2_ws/install/tutorial_interfaces/local/lib/python3.10/dist-packages/tutorial_interfaces/msg/__init__.py
[25.547s] Listing '/home/aditya/ros2_ws/install/tutorial_interfaces/local/lib/python3.10/dist-packages/tutorial_interfaces'...
[25.547s] Compiling '/home/aditya/ros2_ws/install/tutorial_interfaces/local/lib/python3.10/dist-packages/tutorial_interfaces/__init__.py'...
[25.548s] Listing '/home/aditya/ros2_ws/install/tutorial_interfaces/local/lib/python3.10/dist-packages/tutorial_interfaces/msg'...
[25.548s] Compiling '/home/aditya/ros2_ws/install/tutorial_interfaces/local/lib/python3.10/dist-packages/tutorial_interfaces/msg/__init__.py'...
[25.548s] Compiling '/home/aditya/ros2_ws/install/tutorial_interfaces/local/lib/python3.10/dist-packages/tutorial_interfaces/msg/_num.py'...
[25.548s] Compiling '/home/aditya/ros2_ws/install/tutorial_interfaces/local/lib/python3.10/dist-packages/tutorial_interfaces/msg/_sphere.py'...
[25.548s] Listing '/home/aditya/ros2_ws/install/tutorial_interfaces/local/lib/python3.10/dist-packages/tutorial_interfaces/srv'...
[25.548s] Compiling '/home/aditya/ros2_ws/install/tutorial_interfaces/local/lib/python3.10/dist-packages/tutorial_interfaces/srv/__init__.py'...
[25.549s] Compiling '/home/aditya/ros2_ws/install/tutorial_interfaces/local/lib/python3.10/dist-packages/tutorial_interfaces/srv/_add_three_ints.py'...
[25.563s] -- Installing: /home/aditya/ros2_ws/install/tutorial_interfaces/local/lib/python3.10/dist-packages/tutorial_interfaces/tutorial_interfaces_s__rosidl_typesupport_fastrtps_c.cpython-310-x86_64-linux-gnu.so
[25.564s] -- Set runtime path of "/home/aditya/ros2_ws/install/tutorial_interfaces/local/lib/python3.10/dist-packages/tutorial_interfaces/tutorial_interfaces_s__rosidl_typesupport_fastrtps_c.cpython-310-x86_64-linux-gnu.so" to ""
[25.564s] -- Installing: /home/aditya/ros2_ws/install/tutorial_interfaces/local/lib/python3.10/dist-packages/tutorial_interfaces/tutorial_interfaces_s__rosidl_typesupport_introspection_c.cpython-310-x86_64-linux-gnu.so
[25.565s] -- Set runtime path of "/home/aditya/ros2_ws/install/tutorial_interfaces/local/lib/python3.10/dist-packages/tutorial_interfaces/tutorial_interfaces_s__rosidl_typesupport_introspection_c.cpython-310-x86_64-linux-gnu.so" to ""
[25.566s] -- Installing: /home/aditya/ros2_ws/install/tutorial_interfaces/local/lib/python3.10/dist-packages/tutorial_interfaces/tutorial_interfaces_s__rosidl_typesupport_c.cpython-310-x86_64-linux-gnu.so
[25.567s] -- Set runtime path of "/home/aditya/ros2_ws/install/tutorial_interfaces/local/lib/python3.10/dist-packages/tutorial_interfaces/tutorial_interfaces_s__rosidl_typesupport_c.cpython-310-x86_64-linux-gnu.so" to ""
[25.567s] -- Installing: /home/aditya/ros2_ws/install/tutorial_interfaces/lib/libtutorial_interfaces__rosidl_generator_py.so
[25.568s] -- Set runtime path of "/home/aditya/ros2_ws/install/tutorial_interfaces/lib/libtutorial_interfaces__rosidl_generator_py.so" to ""
[25.568s] -- Installing: /home/aditya/ros2_ws/install/tutorial_interfaces/share/tutorial_interfaces/msg/Num.idl
[25.569s] -- Installing: /home/aditya/ros2_ws/install/tutorial_interfaces/share/tutorial_interfaces/msg/Sphere.idl
[25.570s] -- Installing: /home/aditya/ros2_ws/install/tutorial_interfaces/share/tutorial_interfaces/srv/AddThreeInts.idl
[25.571s] -- Installing: /home/aditya/ros2_ws/install/tutorial_interfaces/share/tutorial_interfaces/msg/Num.msg
[25.571s] -- Installing: /home/aditya/ros2_ws/install/tutorial_interfaces/share/tutorial_interfaces/msg/Sphere.msg
[25.571s] -- Installing: /home/aditya/ros2_ws/install/tutorial_interfaces/share/tutorial_interfaces/srv/AddThreeInts.srv
[25.572s] -- Installing: /home/aditya/ros2_ws/install/tutorial_interfaces/share/tutorial_interfaces/srv/AddThreeInts_Request.msg
[25.572s] -- Installing: /home/aditya/ros2_ws/install/tutorial_interfaces/share/tutorial_interfaces/srv/AddThreeInts_Response.msg
[25.573s] -- Installing: /home/aditya/ros2_ws/install/tutorial_interfaces/share/ament_index/resource_index/package_run_dependencies/tutorial_interfaces
[25.575s] -- Installing: /home/aditya/ros2_ws/install/tutorial_interfaces/share/ament_index/resource_index/parent_prefix_path/tutorial_interfaces
[25.575s] -- Installing: /home/aditya/ros2_ws/install/tutorial_interfaces/share/tutorial_interfaces/environment/ament_prefix_path.sh
[25.576s] -- Installing: /home/aditya/ros2_ws/install/tutorial_interfaces/share/tutorial_interfaces/environment/ament_prefix_path.dsv
[25.576s] -- Installing: /home/aditya/ros2_ws/install/tutorial_interfaces/share/tutorial_interfaces/environment/path.sh
[25.576s] -- Installing: /home/aditya/ros2_ws/install/tutorial_interfaces/share/tutorial_interfaces/environment/path.dsv
[25.577s] -- Installing: /home/aditya/ros2_ws/install/tutorial_interfaces/share/tutorial_interfaces/local_setup.bash
[25.577s] -- Installing: /home/aditya/ros2_ws/install/tutorial_interfaces/share/tutorial_interfaces/local_setup.sh
[25.578s] -- Installing: /home/aditya/ros2_ws/install/tutorial_interfaces/share/tutorial_interfaces/local_setup.zsh
[25.578s] -- Installing: /home/aditya/ros2_ws/install/tutorial_interfaces/share/tutorial_interfaces/local_setup.dsv
[25.578s] -- Installing: /home/aditya/ros2_ws/install/tutorial_interfaces/share/tutorial_interfaces/package.dsv
[25.579s] -- Installing: /home/aditya/ros2_ws/install/tutorial_interfaces/share/ament_index/resource_index/packages/tutorial_interfaces
[25.579s] -- Installing: /home/aditya/ros2_ws/install/tutorial_interfaces/share/tutorial_interfaces/cmake/export_tutorial_interfaces__rosidl_generator_cExport.cmake
[25.580s] -- Installing: /home/aditya/ros2_ws/install/tutorial_interfaces/share/tutorial_interfaces/cmake/export_tutorial_interfaces__rosidl_generator_cExport-noconfig.cmake
[25.580s] -- Installing: /home/aditya/ros2_ws/install/tutorial_interfaces/share/tutorial_interfaces/cmake/export_tutorial_interfaces__rosidl_typesupport_fastrtps_cExport.cmake
[25.581s] -- Installing: /home/aditya/ros2_ws/install/tutorial_interfaces/share/tutorial_interfaces/cmake/export_tutorial_interfaces__rosidl_typesupport_fastrtps_cExport-noconfig.cmake
[25.582s] -- Installing: /home/aditya/ros2_ws/install/tutorial_interfaces/share/tutorial_interfaces/cmake/export_tutorial_interfaces__rosidl_generator_cppExport.cmake
[25.582s] -- Installing: /home/aditya/ros2_ws/install/tutorial_interfaces/share/tutorial_interfaces/cmake/export_tutorial_interfaces__rosidl_typesupport_fastrtps_cppExport.cmake
[25.583s] -- Installing: /home/aditya/ros2_ws/install/tutorial_interfaces/share/tutorial_interfaces/cmake/export_tutorial_interfaces__rosidl_typesupport_fastrtps_cppExport-noconfig.cmake
[25.583s] -- Installing: /home/aditya/ros2_ws/install/tutorial_interfaces/share/tutorial_interfaces/cmake/tutorial_interfaces__rosidl_typesupport_introspection_cExport.cmake
[25.583s] -- Installing: /home/aditya/ros2_ws/install/tutorial_interfaces/share/tutorial_interfaces/cmake/tutorial_interfaces__rosidl_typesupport_introspection_cExport-noconfig.cmake
[25.584s] -- Installing: /home/aditya/ros2_ws/install/tutorial_interfaces/share/tutorial_interfaces/cmake/tutorial_interfaces__rosidl_typesupport_cExport.cmake
[25.584s] -- Installing: /home/aditya/ros2_ws/install/tutorial_interfaces/share/tutorial_interfaces/cmake/tutorial_interfaces__rosidl_typesupport_cExport-noconfig.cmake
[25.585s] -- Installing: /home/aditya/ros2_ws/install/tutorial_interfaces/share/tutorial_interfaces/cmake/tutorial_interfaces__rosidl_typesupport_introspection_cppExport.cmake
[25.585s] -- Installing: /home/aditya/ros2_ws/install/tutorial_interfaces/share/tutorial_interfaces/cmake/tutorial_interfaces__rosidl_typesupport_introspection_cppExport-noconfig.cmake
[25.586s] -- Installing: /home/aditya/ros2_ws/install/tutorial_interfaces/share/tutorial_interfaces/cmake/tutorial_interfaces__rosidl_typesupport_cppExport.cmake
[25.586s] -- Installing: /home/aditya/ros2_ws/install/tutorial_interfaces/share/tutorial_interfaces/cmake/tutorial_interfaces__rosidl_typesupport_cppExport-noconfig.cmake
[25.587s] -- Installing: /home/aditya/ros2_ws/install/tutorial_interfaces/share/tutorial_interfaces/cmake/export_tutorial_interfaces__rosidl_generator_pyExport.cmake
[25.587s] -- Installing: /home/aditya/ros2_ws/install/tutorial_interfaces/share/tutorial_interfaces/cmake/export_tutorial_interfaces__rosidl_generator_pyExport-noconfig.cmake
[25.588s] -- Installing: /home/aditya/ros2_ws/install/tutorial_interfaces/share/tutorial_interfaces/cmake/rosidl_cmake-extras.cmake
[25.588s] -- Installing: /home/aditya/ros2_ws/install/tutorial_interfaces/share/tutorial_interfaces/cmake/ament_cmake_export_dependencies-extras.cmake
[25.588s] -- Installing: /home/aditya/ros2_ws/install/tutorial_interfaces/share/tutorial_interfaces/cmake/ament_cmake_export_include_directories-extras.cmake
[25.589s] -- Installing: /home/aditya/ros2_ws/install/tutorial_interfaces/share/tutorial_interfaces/cmake/ament_cmake_export_libraries-extras.cmake
[25.589s] -- Installing: /home/aditya/ros2_ws/install/tutorial_interfaces/share/tutorial_interfaces/cmake/ament_cmake_export_targets-extras.cmake
[25.591s] -- Installing: /home/aditya/ros2_ws/install/tutorial_interfaces/share/tutorial_interfaces/cmake/rosidl_cmake_export_typesupport_targets-extras.cmake
[25.592s] -- Installing: /home/aditya/ros2_ws/install/tutorial_interfaces/share/tutorial_interfaces/cmake/rosidl_cmake_export_typesupport_libraries-extras.cmake
[25.592s] -- Installing: /home/aditya/ros2_ws/install/tutorial_interfaces/share/tutorial_interfaces/cmake/tutorial_interfacesConfig.cmake
[25.593s] -- Installing: /home/aditya/ros2_ws/install/tutorial_interfaces/share/tutorial_interfaces/cmake/tutorial_interfacesConfig-version.cmake
[25.593s] -- Installing: /home/aditya/ros2_ws/install/tutorial_interfaces/share/tutorial_interfaces/package.xml
[25.609s] Invoked command in '/home/aditya/ros2_ws/build/tutorial_interfaces' returned '0': CMAKE_PREFIX_PATH=${CMAKE_PREFIX_PATH}:/home/aditya/ros2_ws/install/py_srvcli:/home/aditya/ros2_ws/install/py_pubsub:/home/aditya/ros2_ws/install/my_package:/home/aditya/install/launch_testing_examples:/home/aditya/install/examples_rclpy_pointcloud_publisher:/home/aditya/install/examples_rclpy_minimal_subscriber:/home/aditya/install/examples_rclpy_minimal_service:/home/aditya/install/examples_rclpy_minimal_publisher:/home/aditya/install/examples_rclpy_minimal_client:/home/aditya/install/examples_rclpy_minimal_action_server:/home/aditya/install/examples_rclpy_minimal_action_client:/home/aditya/install/examples_rclpy_guard_conditions:/home/aditya/install/examples_rclpy_executors:/opt/ros/humble /usr/bin/cmake --install /home/aditya/ros2_ws/build/tutorial_interfaces
