[0.077s] Invoking command in '/home/aditya/ros2_ws/build/examples_rclcpp_async_client': CMAKE_PREFIX_PATH=/opt/ros/humble /usr/bin/cmake /home/aditya/ros2_ws/src/examples/rclcpp/services/async_client -DAMENT_CMAKE_SYMLINK_INSTALL=1 -DCMAKE_INSTALL_PREFIX=/home/aditya/ros2_ws/install/examples_rclcpp_async_client
[0.563s] -- The C compiler identification is GNU 11.4.0
[0.995s] -- The CXX compiler identification is GNU 11.4.0
[1.016s] -- Detecting C compiler ABI info
[1.219s] -- Detecting C compiler ABI info - done
[1.256s] -- Check for working C compiler: /usr/bin/cc - skipped
[1.258s] -- Detecting C compile features
[1.260s] -- Detecting C compile features - done
[1.273s] -- Detecting CXX compiler ABI info
[1.489s] -- Detecting CXX compiler ABI info - done
[1.527s] -- Check for working CXX compiler: /usr/bin/c++ - skipped
[1.528s] -- Detecting CXX compile features
[1.530s] -- Detecting CXX compile features - done
[1.573s] -- Found ament_cmake: 1.3.9 (/opt/ros/humble/share/ament_cmake/cmake)
[2.067s] -- Found Python3: /usr/bin/python3 (found version "3.10.12") found components: Interpreter 
[2.253s] -- Override CMake install command with custom implementation using symlinks instead of copying resources
[2.327s] -- Found example_interfaces: 0.9.3 (/opt/ros/humble/share/example_interfaces/cmake)
[2.496s] -- Found rosidl_generator_c: 3.1.5 (/opt/ros/humble/share/rosidl_generator_c/cmake)
[2.514s] -- Found rosidl_adapter: 3.1.5 (/opt/ros/humble/share/rosidl_adapter/cmake)
[2.544s] -- Found rosidl_generator_cpp: 3.1.5 (/opt/ros/humble/share/rosidl_generator_cpp/cmake)
[2.612s] -- Using all available rosidl_typesupport_c: rosidl_typesupport_fastrtps_c;rosidl_typesupport_introspection_c
[2.713s] -- Using all available rosidl_typesupport_cpp: rosidl_typesupport_fastrtps_cpp;rosidl_typesupport_introspection_cpp
[3.389s] -- Found rclcpp: 16.0.9 (/opt/ros/humble/share/rclcpp/cmake)
[3.609s] -- Found rmw_implementation_cmake: 6.1.2 (/opt/ros/humble/share/rmw_implementation_cmake/cmake)
[3.615s] -- Found rmw_fastrtps_cpp: 6.2.6 (/opt/ros/humble/share/rmw_fastrtps_cpp/cmake)
[3.929s] -- Found OpenSSL: /usr/lib/x86_64-linux-gnu/libcrypto.so (found version "3.0.2")  
[4.003s] -- Found FastRTPS: /opt/ros/humble/include  
[4.131s] -- Using RMW implementation 'rmw_fastrtps_cpp' as default
[4.161s] -- Looking for pthread.h
[4.347s] -- Looking for pthread.h - found
[4.348s] -- Performing Test CMAKE_HAVE_LIBC_PTHREAD
[4.531s] -- Performing Test CMAKE_HAVE_LIBC_PTHREAD - Success
[4.534s] -- Found Threads: TRUE  
[5.221s] -- Found ament_lint_auto: 0.12.11 (/opt/ros/humble/share/ament_lint_auto/cmake)
[5.514s] -- Added test 'copyright' to check source files copyright and LICENSE
[5.533s] -- Added test 'cppcheck' to perform static code analysis on C / C++ code
[5.534s] -- Configured cppcheck include dirs: 
[5.534s] -- Configured cppcheck exclude dirs and/or files: 
[5.535s] -- Added test 'cpplint' to check C / C++ code against the Google style
[5.536s] -- Configured cpplint exclude dirs and/or files: 
[5.537s] -- Added test 'lint_cmake' to check CMake code style
[5.540s] -- Added test 'uncrustify' to check C / C++ code style
[5.540s] -- Configured uncrustify additional arguments: 
[5.541s] -- Added test 'xmllint' to check XML markup files
[5.546s] -- Configuring done
[5.620s] -- Generating done
[5.631s] -- Build files have been written to: /home/aditya/ros2_ws/build/examples_rclcpp_async_client
[5.697s] Invoked command in '/home/aditya/ros2_ws/build/examples_rclcpp_async_client' returned '0': CMAKE_PREFIX_PATH=/opt/ros/humble /usr/bin/cmake /home/aditya/ros2_ws/src/examples/rclcpp/services/async_client -DAMENT_CMAKE_SYMLINK_INSTALL=1 -DCMAKE_INSTALL_PREFIX=/home/aditya/ros2_ws/install/examples_rclcpp_async_client
[5.701s] Invoking command in '/home/aditya/ros2_ws/build/examples_rclcpp_async_client': CMAKE_PREFIX_PATH=/opt/ros/humble /usr/bin/cmake --build /home/aditya/ros2_ws/build/examples_rclcpp_async_client -- -j2 -l2
[5.819s] [ 50%] [32mBuilding CXX object CMakeFiles/client_main.dir/main.cpp.o[0m
[28.688s] [100%] [32m[1mLinking CXX executable client_main[0m
[29.786s] [100%] Built target client_main
[29.862s] Invoked command in '/home/aditya/ros2_ws/build/examples_rclcpp_async_client' returned '0': CMAKE_PREFIX_PATH=/opt/ros/humble /usr/bin/cmake --build /home/aditya/ros2_ws/build/examples_rclcpp_async_client -- -j2 -l2
[30.200s] Invoking command in '/home/aditya/ros2_ws/build/examples_rclcpp_async_client': CMAKE_PREFIX_PATH=/opt/ros/humble /usr/bin/cmake --install /home/aditya/ros2_ws/build/examples_rclcpp_async_client
[30.240s] -- Install configuration: ""
[30.241s] -- Execute custom install script
[30.245s] -- Symlinking: /home/aditya/ros2_ws/install/examples_rclcpp_async_client/lib/examples_rclcpp_async_client/client_main
[30.309s] -- Symlinking: /home/aditya/ros2_ws/install/examples_rclcpp_async_client/share/ament_index/resource_index/package_run_dependencies/examples_rclcpp_async_client
[30.356s] -- Symlinking: /home/aditya/ros2_ws/install/examples_rclcpp_async_client/share/ament_index/resource_index/parent_prefix_path/examples_rclcpp_async_client
[30.386s] -- Symlinking: /home/aditya/ros2_ws/install/examples_rclcpp_async_client/share/examples_rclcpp_async_client/environment/ament_prefix_path.sh
[30.437s] -- Symlinking: /home/aditya/ros2_ws/install/examples_rclcpp_async_client/share/examples_rclcpp_async_client/environment/ament_prefix_path.dsv
[30.503s] -- Symlinking: /home/aditya/ros2_ws/install/examples_rclcpp_async_client/share/examples_rclcpp_async_client/environment/path.sh
[30.547s] -- Symlinking: /home/aditya/ros2_ws/install/examples_rclcpp_async_client/share/examples_rclcpp_async_client/environment/path.dsv
[30.599s] -- Symlinking: /home/aditya/ros2_ws/install/examples_rclcpp_async_client/share/examples_rclcpp_async_client/local_setup.bash
[30.661s] -- Symlinking: /home/aditya/ros2_ws/install/examples_rclcpp_async_client/share/examples_rclcpp_async_client/local_setup.sh
[30.719s] -- Symlinking: /home/aditya/ros2_ws/install/examples_rclcpp_async_client/share/examples_rclcpp_async_client/local_setup.zsh
[30.768s] -- Symlinking: /home/aditya/ros2_ws/install/examples_rclcpp_async_client/share/examples_rclcpp_async_client/local_setup.dsv
[30.828s] -- Symlinking: /home/aditya/ros2_ws/install/examples_rclcpp_async_client/share/examples_rclcpp_async_client/package.dsv
[30.888s] -- Symlinking: /home/aditya/ros2_ws/install/examples_rclcpp_async_client/share/ament_index/resource_index/packages/examples_rclcpp_async_client
[30.931s] -- Symlinking: /home/aditya/ros2_ws/install/examples_rclcpp_async_client/share/examples_rclcpp_async_client/cmake/examples_rclcpp_async_clientConfig.cmake
[30.983s] -- Symlinking: /home/aditya/ros2_ws/install/examples_rclcpp_async_client/share/examples_rclcpp_async_client/cmake/examples_rclcpp_async_clientConfig-version.cmake
[31.040s] -- Symlinking: /home/aditya/ros2_ws/install/examples_rclcpp_async_client/share/examples_rclcpp_async_client/package.xml
[31.097s] Invoked command in '/home/aditya/ros2_ws/build/examples_rclcpp_async_client' returned '0': CMAKE_PREFIX_PATH=/opt/ros/humble /usr/bin/cmake --install /home/aditya/ros2_ws/build/examples_rclcpp_async_client
