[2.201s] Invoking command in '/home/aditya/ros2_ws/src/py_srvcli': PYTHONPATH=/home/aditya/ros2_ws/build/py_srvcli/prefix_override:/home/aditya/ros2_ws/install/py_srvcli/lib/python3.10/site-packages:${PYTHONPATH} /usr/bin/python3 -W ignore:setup.py install is deprecated setup.py egg_info --egg-base ../../build/py_srvcli build --build-base /home/aditya/ros2_ws/build/py_srvcli/build install --record /home/aditya/ros2_ws/build/py_srvcli/install.log --single-version-externally-managed install_data
[2.978s] running egg_info
[2.979s] creating ../../build/py_srvcli/py_srvcli.egg-info
[2.979s] writing ../../build/py_srvcli/py_srvcli.egg-info/PKG-INFO
[2.980s] writing dependency_links to ../../build/py_srvcli/py_srvcli.egg-info/dependency_links.txt
[2.981s] writing entry points to ../../build/py_srvcli/py_srvcli.egg-info/entry_points.txt
[2.981s] writing requirements to ../../build/py_srvcli/py_srvcli.egg-info/requires.txt
[2.981s] writing top-level names to ../../build/py_srvcli/py_srvcli.egg-info/top_level.txt
[2.981s] writing manifest file '../../build/py_srvcli/py_srvcli.egg-info/SOURCES.txt'
[2.986s] reading manifest file '../../build/py_srvcli/py_srvcli.egg-info/SOURCES.txt'
[2.987s] adding license file 'LICENSE'
[2.990s] writing manifest file '../../build/py_srvcli/py_srvcli.egg-info/SOURCES.txt'
[2.990s] running build
[2.990s] running build_py
[2.990s] creating /home/aditya/ros2_ws/build/py_srvcli/build
[2.991s] creating /home/aditya/ros2_ws/build/py_srvcli/build/lib
[2.991s] creating /home/aditya/ros2_ws/build/py_srvcli/build/lib/py_srvcli
[2.991s] copying py_srvcli/srv.py -> /home/aditya/ros2_ws/build/py_srvcli/build/lib/py_srvcli
[2.991s] copying py_srvcli/cli.py -> /home/aditya/ros2_ws/build/py_srvcli/build/lib/py_srvcli
[2.992s] copying py_srvcli/__init__.py -> /home/aditya/ros2_ws/build/py_srvcli/build/lib/py_srvcli
[2.992s] running install
[2.993s] running install_lib
[2.994s] creating /home/aditya/ros2_ws/install/py_srvcli/lib/python3.10/site-packages/py_srvcli
[2.995s] copying /home/aditya/ros2_ws/build/py_srvcli/build/lib/py_srvcli/srv.py -> /home/aditya/ros2_ws/install/py_srvcli/lib/python3.10/site-packages/py_srvcli
[2.995s] copying /home/aditya/ros2_ws/build/py_srvcli/build/lib/py_srvcli/cli.py -> /home/aditya/ros2_ws/install/py_srvcli/lib/python3.10/site-packages/py_srvcli
[2.995s] copying /home/aditya/ros2_ws/build/py_srvcli/build/lib/py_srvcli/__init__.py -> /home/aditya/ros2_ws/install/py_srvcli/lib/python3.10/site-packages/py_srvcli
[2.997s] byte-compiling /home/aditya/ros2_ws/install/py_srvcli/lib/python3.10/site-packages/py_srvcli/srv.py to srv.cpython-310.pyc
[2.998s] byte-compiling /home/aditya/ros2_ws/install/py_srvcli/lib/python3.10/site-packages/py_srvcli/cli.py to cli.cpython-310.pyc
[2.999s] byte-compiling /home/aditya/ros2_ws/install/py_srvcli/lib/python3.10/site-packages/py_srvcli/__init__.py to __init__.cpython-310.pyc
[2.999s] running install_data
[3.000s] creating /home/aditya/ros2_ws/install/py_srvcli/share/ament_index
[3.000s] creating /home/aditya/ros2_ws/install/py_srvcli/share/ament_index/resource_index
[3.002s] creating /home/aditya/ros2_ws/install/py_srvcli/share/ament_index/resource_index/packages
[3.002s] copying resource/py_srvcli -> /home/aditya/ros2_ws/install/py_srvcli/share/ament_index/resource_index/packages
[3.002s] copying package.xml -> /home/aditya/ros2_ws/install/py_srvcli/share/py_srvcli
[3.003s] running install_egg_info
[3.005s] Copying ../../build/py_srvcli/py_srvcli.egg-info to /home/aditya/ros2_ws/install/py_srvcli/lib/python3.10/site-packages/py_srvcli-0.0.0-py3.10.egg-info
[3.007s] running install_scripts
[3.111s] Installing client script to /home/aditya/ros2_ws/install/py_srvcli/lib/py_srvcli
[3.111s] Installing service script to /home/aditya/ros2_ws/install/py_srvcli/lib/py_srvcli
[3.112s] writing list of installed files to '/home/aditya/ros2_ws/build/py_srvcli/install.log'
[3.177s] Invoked command in '/home/aditya/ros2_ws/src/py_srvcli' returned '0': PYTHONPATH=/home/aditya/ros2_ws/build/py_srvcli/prefix_override:/home/aditya/ros2_ws/install/py_srvcli/lib/python3.10/site-packages:${PYTHONPATH} /usr/bin/python3 -W ignore:setup.py install is deprecated setup.py egg_info --egg-base ../../build/py_srvcli build --build-base /home/aditya/ros2_ws/build/py_srvcli/build install --record /home/aditya/ros2_ws/build/py_srvcli/install.log --single-version-externally-managed install_data
