[2.013s] Invoking command in '/home/aditya/ros2_ws/src/py_srvcli': PYTHONPATH=/home/aditya/ros2_ws/build/py_srvcli/prefix_override:/home/aditya/ros2_ws/install/py_srvcli/lib/python3.10/site-packages:${PYTHONPATH} /usr/bin/python3 -W ignore:setup.py install is deprecated setup.py egg_info --egg-base ../../build/py_srvcli build --build-base /home/aditya/ros2_ws/build/py_srvcli/build install --record /home/aditya/ros2_ws/build/py_srvcli/install.log --single-version-externally-managed install_data
[2.764s] running egg_info
[2.766s] writing ../../build/py_srvcli/py_srvcli.egg-info/PKG-INFO
[2.769s] writing dependency_links to ../../build/py_srvcli/py_srvcli.egg-info/dependency_links.txt
[2.771s] writing entry points to ../../build/py_srvcli/py_srvcli.egg-info/entry_points.txt
[2.771s] writing requirements to ../../build/py_srvcli/py_srvcli.egg-info/requires.txt
[2.772s] writing top-level names to ../../build/py_srvcli/py_srvcli.egg-info/top_level.txt
[2.777s] reading manifest file '../../build/py_srvcli/py_srvcli.egg-info/SOURCES.txt'
[2.778s] adding license file 'LICENSE'
[2.780s] writing manifest file '../../build/py_srvcli/py_srvcli.egg-info/SOURCES.txt'
[2.781s] running build
[2.781s] running build_py
[2.785s] copying py_srvcli/client_member_function.py -> /home/aditya/ros2_ws/build/py_srvcli/build/lib/py_srvcli
[2.785s] copying py_srvcli/__init__.py -> /home/aditya/ros2_ws/build/py_srvcli/build/lib/py_srvcli
[2.786s] copying py_srvcli/service_member_function.py -> /home/aditya/ros2_ws/build/py_srvcli/build/lib/py_srvcli
[2.786s] running install
[2.787s] running install_lib
[2.790s] copying /home/aditya/ros2_ws/build/py_srvcli/build/lib/py_srvcli/client_member_function.py -> /home/aditya/ros2_ws/install/py_srvcli/lib/python3.10/site-packages/py_srvcli
[2.790s] copying /home/aditya/ros2_ws/build/py_srvcli/build/lib/py_srvcli/__init__.py -> /home/aditya/ros2_ws/install/py_srvcli/lib/python3.10/site-packages/py_srvcli
[2.791s] copying /home/aditya/ros2_ws/build/py_srvcli/build/lib/py_srvcli/service_member_function.py -> /home/aditya/ros2_ws/install/py_srvcli/lib/python3.10/site-packages/py_srvcli
[2.796s] byte-compiling /home/aditya/ros2_ws/install/py_srvcli/lib/python3.10/site-packages/py_srvcli/client_member_function.py to client_member_function.cpython-310.pyc
[2.799s] byte-compiling /home/aditya/ros2_ws/install/py_srvcli/lib/python3.10/site-packages/py_srvcli/__init__.py to __init__.cpython-310.pyc
[2.800s] byte-compiling /home/aditya/ros2_ws/install/py_srvcli/lib/python3.10/site-packages/py_srvcli/service_member_function.py to service_member_function.cpython-310.pyc
[2.802s] running install_data
[2.803s] copying resource/py_srvcli -> /home/aditya/ros2_ws/install/py_srvcli/share/ament_index/resource_index/packages
[2.804s] copying package.xml -> /home/aditya/ros2_ws/install/py_srvcli/share/py_srvcli
[2.804s] running install_egg_info
[2.809s] removing '/home/aditya/ros2_ws/install/py_srvcli/lib/python3.10/site-packages/py_srvcli-0.0.0-py3.10.egg-info' (and everything under it)
[2.810s] Copying ../../build/py_srvcli/py_srvcli.egg-info to /home/aditya/ros2_ws/install/py_srvcli/lib/python3.10/site-packages/py_srvcli-0.0.0-py3.10.egg-info
[2.812s] running install_scripts
[2.882s] Installing client script to /home/aditya/ros2_ws/install/py_srvcli/lib/py_srvcli
[2.884s] Installing service script to /home/aditya/ros2_ws/install/py_srvcli/lib/py_srvcli
[2.886s] writing list of installed files to '/home/aditya/ros2_ws/build/py_srvcli/install.log'
[2.934s] Invoked command in '/home/aditya/ros2_ws/src/py_srvcli' returned '0': PYTHONPATH=/home/aditya/ros2_ws/build/py_srvcli/prefix_override:/home/aditya/ros2_ws/install/py_srvcli/lib/python3.10/site-packages:${PYTHONPATH} /usr/bin/python3 -W ignore:setup.py install is deprecated setup.py egg_info --egg-base ../../build/py_srvcli build --build-base /home/aditya/ros2_ws/build/py_srvcli/build install --record /home/aditya/ros2_ws/build/py_srvcli/install.log --single-version-externally-managed install_data
