[0.083s] Invoking command in '/home/aditya/ros2_ws/build/examples_rclcpp_minimal_action_client': CMAKE_PREFIX_PATH=/opt/ros/humble /usr/bin/cmake /home/aditya/ros2_ws/src/examples/rclcpp/actions/minimal_action_client -DAMENT_CMAKE_SYMLINK_INSTALL=1 -DCMAKE_INSTALL_PREFIX=/home/aditya/ros2_ws/install/examples_rclcpp_minimal_action_client
[0.511s] -- The C compiler identification is GNU 11.4.0
[0.888s] -- The CXX compiler identification is GNU 11.4.0
[0.931s] -- Detecting C compiler ABI info
[1.393s] -- Detecting C compiler ABI info - done
[1.465s] -- Check for working C compiler: /usr/bin/cc - skipped
[1.468s] -- Detecting C compile features
[1.472s] -- Detecting C compile features - done
[1.496s] -- Detecting CXX compiler ABI info
[2.018s] -- Detecting CXX compiler ABI info - done
[2.101s] -- Check for working CXX compiler: /usr/bin/c++ - skipped
[2.102s] -- Detecting CXX compile features
[2.107s] -- Detecting CXX compile features - done
[2.164s] -- Found ament_cmake: 1.3.9 (/opt/ros/humble/share/ament_cmake/cmake)
[3.015s] -- Found Python3: /usr/bin/python3 (found version "3.10.12") found components: Interpreter 
[3.345s] -- Override CMake install command with custom implementation using symlinks instead of copying resources
[3.530s] -- Found example_interfaces: 0.9.3 (/opt/ros/humble/share/example_interfaces/cmake)
[3.846s] -- Found rosidl_generator_c: 3.1.5 (/opt/ros/humble/share/rosidl_generator_c/cmake)
[3.878s] -- Found rosidl_adapter: 3.1.5 (/opt/ros/humble/share/rosidl_adapter/cmake)
[3.931s] -- Found rosidl_generator_cpp: 3.1.5 (/opt/ros/humble/share/rosidl_generator_cpp/cmake)
[4.036s] -- Using all available rosidl_typesupport_c: rosidl_typesupport_fastrtps_c;rosidl_typesupport_introspection_c
[4.238s] -- Using all available rosidl_typesupport_cpp: rosidl_typesupport_fastrtps_cpp;rosidl_typesupport_introspection_cpp
[5.319s] -- Found rclcpp: 16.0.9 (/opt/ros/humble/share/rclcpp/cmake)
[5.693s] -- Found rmw_implementation_cmake: 6.1.2 (/opt/ros/humble/share/rmw_implementation_cmake/cmake)
[5.704s] -- Found rmw_fastrtps_cpp: 6.2.6 (/opt/ros/humble/share/rmw_fastrtps_cpp/cmake)
[6.309s] -- Found OpenSSL: /usr/lib/x86_64-linux-gnu/libcrypto.so (found version "3.0.2")  
[6.438s] -- Found FastRTPS: /opt/ros/humble/include  
[6.637s] -- Using RMW implementation 'rmw_fastrtps_cpp' as default
[6.700s] -- Looking for pthread.h
[6.943s] -- Looking for pthread.h - found
[6.944s] -- Performing Test CMAKE_HAVE_LIBC_PTHREAD
[7.449s] -- Performing Test CMAKE_HAVE_LIBC_PTHREAD - Success
[7.473s] -- Found Threads: TRUE  
[9.078s] -- Found rclcpp_action: 16.0.9 (/opt/ros/humble/share/rclcpp_action/cmake)
[9.362s] -- Found ament_lint_auto: 0.12.11 (/opt/ros/humble/share/ament_lint_auto/cmake)
[9.789s] -- Added test 'copyright' to check source files copyright and LICENSE
[9.792s] -- Added test 'cppcheck' to perform static code analysis on C / C++ code
[9.805s] -- Configured cppcheck include dirs: 
[9.805s] -- Configured cppcheck exclude dirs and/or files: 
[9.811s] -- Added test 'cpplint' to check C / C++ code against the Google style
[9.811s] -- Configured cpplint exclude dirs and/or files: 
[9.815s] -- Added test 'lint_cmake' to check CMake code style
[9.827s] -- Added test 'uncrustify' to check C / C++ code style
[9.828s] -- Configured uncrustify additional arguments: 
[9.829s] -- Added test 'xmllint' to check XML markup files
[9.843s] -- Configuring done
[9.966s] -- Generating done
[9.987s] -- Build files have been written to: /home/aditya/ros2_ws/build/examples_rclcpp_minimal_action_client
[10.034s] Invoked command in '/home/aditya/ros2_ws/build/examples_rclcpp_minimal_action_client' returned '0': CMAKE_PREFIX_PATH=/opt/ros/humble /usr/bin/cmake /home/aditya/ros2_ws/src/examples/rclcpp/actions/minimal_action_client -DAMENT_CMAKE_SYMLINK_INSTALL=1 -DCMAKE_INSTALL_PREFIX=/home/aditya/ros2_ws/install/examples_rclcpp_minimal_action_client
[10.046s] Invoking command in '/home/aditya/ros2_ws/build/examples_rclcpp_minimal_action_client': CMAKE_PREFIX_PATH=/opt/ros/humble /usr/bin/cmake --build /home/aditya/ros2_ws/build/examples_rclcpp_minimal_action_client -- -j2 -l2
[10.381s] [ 12%] [32mBuilding CXX object CMakeFiles/action_client_member_functions.dir/member_functions.cpp.o[0m
[10.384s] [ 25%] [32mBuilding CXX object CMakeFiles/action_client_not_composable.dir/not_composable.cpp.o[0m
[15.007s] gmake[2]: *** [CMakeFiles/action_client_member_functions.dir/build.make:76: CMakeFiles/action_client_member_functions.dir/member_functions.cpp.o] Interrupt
[15.020s] gmake[2]: *** [CMakeFiles/action_client_not_composable.dir/build.make:76: CMakeFiles/action_client_not_composable.dir/not_composable.cpp.o] Interrupt
[15.020s] gmake[1]: *** [CMakeFiles/Makefile2:169: CMakeFiles/action_client_not_composable.dir/all] Interrupt
[15.021s] gmake[1]: *** [CMakeFiles/Makefile2:143: CMakeFiles/action_client_member_functions.dir/all] Interrupt
[15.022s] gmake: *** [Makefile:146: all] Interrupt
[15.066s] Invoked command in '/home/aditya/ros2_ws/build/examples_rclcpp_minimal_action_client' returned '-2': CMAKE_PREFIX_PATH=/opt/ros/humble /usr/bin/cmake --build /home/aditya/ros2_ws/build/examples_rclcpp_minimal_action_client -- -j2 -l2
