[2.064s] Invoking command in '/home/aditya/ros2_ws/src/py_pubsub': PYTHONPATH=/home/aditya/ros2_ws/build/py_pubsub/prefix_override:/home/aditya/ros2_ws/install/py_pubsub/lib/python3.10/site-packages:${PYTHONPATH} /usr/bin/python3 -W ignore:setup.py install is deprecated setup.py egg_info --egg-base ../../build/py_pubsub build --build-base /home/aditya/ros2_ws/build/py_pubsub/build install --record /home/aditya/ros2_ws/build/py_pubsub/install.log --single-version-externally-managed install_data
[2.817s] running egg_info
[2.819s] creating ../../build/py_pubsub/py_pubsub.egg-info
[2.820s] writing ../../build/py_pubsub/py_pubsub.egg-info/PKG-INFO
[2.821s] writing dependency_links to ../../build/py_pubsub/py_pubsub.egg-info/dependency_links.txt
[2.821s] writing entry points to ../../build/py_pubsub/py_pubsub.egg-info/entry_points.txt
[2.822s] writing requirements to ../../build/py_pubsub/py_pubsub.egg-info/requires.txt
[2.822s] writing top-level names to ../../build/py_pubsub/py_pubsub.egg-info/top_level.txt
[2.823s] writing manifest file '../../build/py_pubsub/py_pubsub.egg-info/SOURCES.txt'
[2.828s] reading manifest file '../../build/py_pubsub/py_pubsub.egg-info/SOURCES.txt'
[2.829s] adding license file 'LICENSE'
[2.831s] writing manifest file '../../build/py_pubsub/py_pubsub.egg-info/SOURCES.txt'
[2.831s] running build
[2.831s] running build_py
[2.832s] creating /home/aditya/ros2_ws/build/py_pubsub/build
[2.833s] creating /home/aditya/ros2_ws/build/py_pubsub/build/lib
[2.833s] creating /home/aditya/ros2_ws/build/py_pubsub/build/lib/py_pubsub
[2.834s] copying py_pubsub/publisher_member_function.py -> /home/aditya/ros2_ws/build/py_pubsub/build/lib/py_pubsub
[2.834s] copying py_pubsub/subscriber_member_function.py -> /home/aditya/ros2_ws/build/py_pubsub/build/lib/py_pubsub
[2.835s] copying py_pubsub/__init__.py -> /home/aditya/ros2_ws/build/py_pubsub/build/lib/py_pubsub
[2.836s] running install
[2.837s] running install_lib
[2.839s] creating /home/aditya/ros2_ws/install/py_pubsub/lib/python3.10/site-packages/py_pubsub
[2.839s] copying /home/aditya/ros2_ws/build/py_pubsub/build/lib/py_pubsub/publisher_member_function.py -> /home/aditya/ros2_ws/install/py_pubsub/lib/python3.10/site-packages/py_pubsub
[2.840s] copying /home/aditya/ros2_ws/build/py_pubsub/build/lib/py_pubsub/subscriber_member_function.py -> /home/aditya/ros2_ws/install/py_pubsub/lib/python3.10/site-packages/py_pubsub
[2.840s] copying /home/aditya/ros2_ws/build/py_pubsub/build/lib/py_pubsub/__init__.py -> /home/aditya/ros2_ws/install/py_pubsub/lib/python3.10/site-packages/py_pubsub
[2.844s] byte-compiling /home/aditya/ros2_ws/install/py_pubsub/lib/python3.10/site-packages/py_pubsub/publisher_member_function.py to publisher_member_function.cpython-310.pyc
[2.844s] byte-compiling /home/aditya/ros2_ws/install/py_pubsub/lib/python3.10/site-packages/py_pubsub/subscriber_member_function.py to subscriber_member_function.cpython-310.pyc
[2.846s] byte-compiling /home/aditya/ros2_ws/install/py_pubsub/lib/python3.10/site-packages/py_pubsub/__init__.py to __init__.cpython-310.pyc
[2.846s] running install_data
[2.847s] creating /home/aditya/ros2_ws/install/py_pubsub/share/ament_index
[2.847s] creating /home/aditya/ros2_ws/install/py_pubsub/share/ament_index/resource_index
[2.848s] creating /home/aditya/ros2_ws/install/py_pubsub/share/ament_index/resource_index/packages
[2.848s] copying resource/py_pubsub -> /home/aditya/ros2_ws/install/py_pubsub/share/ament_index/resource_index/packages
[2.849s] copying package.xml -> /home/aditya/ros2_ws/install/py_pubsub/share/py_pubsub
[2.849s] running install_egg_info
[2.860s] Copying ../../build/py_pubsub/py_pubsub.egg-info to /home/aditya/ros2_ws/install/py_pubsub/lib/python3.10/site-packages/py_pubsub-0.0.0-py3.10.egg-info
[2.861s] running install_scripts
[2.919s] Installing listener script to /home/aditya/ros2_ws/install/py_pubsub/lib/py_pubsub
[2.920s] Installing talker script to /home/aditya/ros2_ws/install/py_pubsub/lib/py_pubsub
[2.921s] writing list of installed files to '/home/aditya/ros2_ws/build/py_pubsub/install.log'
[2.981s] Invoked command in '/home/aditya/ros2_ws/src/py_pubsub' returned '0': PYTHONPATH=/home/aditya/ros2_ws/build/py_pubsub/prefix_override:/home/aditya/ros2_ws/install/py_pubsub/lib/python3.10/site-packages:${PYTHONPATH} /usr/bin/python3 -W ignore:setup.py install is deprecated setup.py egg_info --egg-base ../../build/py_pubsub build --build-base /home/aditya/ros2_ws/build/py_pubsub/build install --record /home/aditya/ros2_ws/build/py_pubsub/install.log --single-version-externally-managed install_data
